<?xml version="1.0" encoding="UTF-8"?>
<!-- Generated by org.testng.reporters.JUnitReportReporter -->
<testsuite hostname="DESKTOP-HA2NVCA" failures="0" tests="1" name="com.selenium.basic.FirstTestCase" time="4.652" errors="0" timestamp="2022-09-24T17:51:09 EDT" skipped="0">
  <testcase classname="com.selenium.basic.FirstTestCase" name="verifyFacebookHomepage" time="4.652"/>
  <system-out/>
</testsuite> <!-- com.selenium.basic.FirstTestCase -->
