<?xml version="1.0" encoding="UTF-8"?>
<!-- Generated by org.testng.reporters.JUnitReportReporter -->
<testsuite hostname="DESKTOP-HA2NVCA" failures="0" tests="1" name="com.liveproject.LoginTest" time="45.315" errors="0" timestamp="2022-09-26T14:34:50 EDT" skipped="0">
  <testcase classname="com.liveproject.LoginTest" name="loginRediff" time="45.315"/>
  <system-out/>
</testsuite> <!-- com.liveproject.LoginTest -->
