<?xml version="1.0" encoding="UTF-8"?>
<!-- Generated by org.testng.reporters.JUnitReportReporter -->
<testsuite hostname="DESKTOP-HA2NVCA" failures="0" tests="3" name="com.liveproject.PortfolioVerification" time="14.157" errors="0" timestamp="2022-09-26T15:59:54 EDT" skipped="0">
  <testcase classname="com.liveproject.PortfolioVerification" name="testCreatePortfolio" time="13.907"/>
  <system-out/>
  <testcase classname="com.liveproject.PortfolioVerification" name="testportfolioVerification" time="0.173"/>
  <system-out/>
  <testcase classname="com.liveproject.PortfolioVerification" name="testDeletePortfolio" time="0.077"/>
  <system-out/>
</testsuite> <!-- com.liveproject.PortfolioVerification -->
