<?xml version="1.0" encoding="UTF-8"?>
<!-- Generated by org.testng.reporters.JUnitReportReporter -->
<testsuite hostname="DESKTOP-HA2NVCA" failures="0" tests="2" name="com.liveproject.AddOrDeleteStockPortfolio" time="22.020" errors="0" timestamp="2022-09-28T22:15:29 EDT" skipped="0">
  <testcase classname="com.liveproject.AddOrDeleteStockPortfolio" name="deleteStock" time="2.743"/>
  <system-out/>
  <testcase classname="com.liveproject.AddOrDeleteStockPortfolio" name="addStockTest" time="19.277"/>
  <system-out/>
</testsuite> <!-- com.liveproject.AddOrDeleteStockPortfolio -->
