<?xml version="1.0" encoding="UTF-8"?>
<!-- Generated by org.testng.reporters.JUnitReportReporter -->
<testsuite skipped="0" hostname="Anshuls-MacBook.local" name="com.testng.dataprovider.DataProviderParameterExample" tests="3" failures="0" timestamp="2022-06-14T19:50:10 IST" time="0.011" errors="0">
  <testcase name="scenario1" time="0.003" classname="com.testng.dataprovider.DataProviderParameterExample"/>
  <system-out/>
  <testcase name="scenario2" time="0.004" classname="com.testng.dataprovider.DataProviderParameterExample"/>
  <system-out/>
  <testcase name="commonScenarios" time="0.004" classname="com.testng.dataprovider.DataProviderParameterExample"/>
  <system-out/>
</testsuite> <!-- com.testng.dataprovider.DataProviderParameterExample -->
