<?xml version="1.0" encoding="UTF-8"?>
<!-- Generated by org.testng.reporters.JUnitReportReporter -->
<testsuite skipped="0" hostname="Anshuls-MacBook.local" name="com.testng.training.PriorityExample" tests="4" failures="0" timestamp="2022-06-14T19:50:49 IST" time="0.005" errors="0">
  <testcase name="testOne" time="0.003" classname="com.testng.training.PriorityExample"/>
  <system-out/>
  <testcase name="testTwo" time="0.001" classname="com.testng.training.PriorityExample"/>
  <system-out/>
  <testcase name="testThree" time="0.000" classname="com.testng.training.PriorityExample"/>
  <system-out/>
  <testcase name="testFour" time="0.001" classname="com.testng.training.PriorityExample"/>
  <system-out/>
</testsuite> <!-- com.testng.training.PriorityExample -->
