<?xml version="1.0" encoding="UTF-8"?>
<!-- Generated by org.testng.reporters.JUnitReportReporter -->
<testsuite skipped="0" hostname="Anshuls-MacBook.local" name="FaceBookLogin" tests="3" failures="0" timestamp="2022-06-20T20:25:33 IST" time="0.025" errors="0">
  <testcase name="loginWithInValidUserName" time="0.004" classname="FaceBookLogin"/>
  <system-out/>
  <testcase name="loginWithInValidCredentials" time="0.013" classname="FaceBookLogin"/>
  <system-out/>
  <testcase name="loginWithValidCredentials" time="0.008" classname="FaceBookLogin"/>
  <system-out/>
</testsuite> <!-- FaceBookLogin -->
