<?xml version="1.0" encoding="UTF-8"?>
<!-- Generated by org.testng.reporters.JUnitReportReporter -->
<testsuite skipped="0" hostname="Anshuls-MacBook.local" name="com.testng.dataprovider.DataProviderIntegrationExample" tests="1" failures="0" timestamp="2022-06-14T19:50:15 IST" time="0.002" errors="0">
  <testcase name="integrationTest" time="0.002" classname="com.testng.dataprovider.DataProviderIntegrationExample"/>
  <system-out/>
</testsuite> <!-- com.testng.dataprovider.DataProviderIntegrationExample -->
