<?xml version="1.0" encoding="UTF-8"?>
<!-- Generated by org.testng.reporters.JUnitReportReporter -->
<testsuite skipped="0" hostname="Anshuls-MacBook.local" name="com.testng.training.SampleTestOne" tests="2" failures="0" timestamp="2022-06-14T19:50:39 IST" time="0.002" errors="0">
  <testcase name="sampleTestOneMethodTwo" time="0.001" classname="com.testng.training.SampleTestOne"/>
  <system-out/>
  <testcase name="sampleTestOneMethodOne" time="0.001" classname="com.testng.training.SampleTestOne"/>
  <system-out/>
</testsuite> <!-- com.testng.training.SampleTestOne -->
