<?xml version="1.0" encoding="UTF-8"?>
<!-- Generated by org.testng.reporters.JUnitReportReporter -->
<testsuite skipped="0" hostname="Anshuls-MacBook.local" name="com.testng.training.TestCaseGrouping" tests="4" failures="0" timestamp="2022-06-14T19:50:34 IST" time="0.004" errors="0">
  <testcase name="testCaseOne" time="0.001" classname="com.testng.training.TestCaseGrouping"/>
  <system-out/>
  <testcase name="testCaseThree" time="0.001" classname="com.testng.training.TestCaseGrouping"/>
  <system-out/>
  <testcase name="testCaseTwo" time="0.001" classname="com.testng.training.TestCaseGrouping"/>
  <system-out/>
  <testcase name="testCaseFour" time="0.001" classname="com.testng.training.TestCaseGrouping"/>
  <system-out/>
</testsuite> <!-- com.testng.training.TestCaseGrouping -->
