<?xml version="1.0" encoding="UTF-8"?>
<!-- Generated by org.testng.reporters.JUnitReportReporter -->
<testsuite skipped="0" hostname="Anshuls-MacBook-Air.local" name="com.testng.dataprovider.TestParameterExample" tests="2" failures="0" timestamp="04 Jan 2019 14:48:26 GMT" time="0.030" errors="0">
  <testcase name="testAddition" time="0.026" classname="com.testng.dataprovider.TestParameterExample"/>
  <testcase name="testAddition" time="0.004" classname="com.testng.dataprovider.TestParameterExample"/>
</testsuite> <!-- com.testng.dataprovider.TestParameterExample -->
