<?xml version="1.0" encoding="UTF-8"?>
<!-- Generated by org.testng.reporters.JUnitReportReporter -->
<testsuite skipped="2" hostname="Anshuls-MacBook.local" name="com.testng.training.SkippingExample" tests="4" failures="0" timestamp="2022-06-14T19:50:44 IST" time="0.003" errors="0">
  <testcase name="testOne" time="0.001" classname="com.testng.training.SkippingExample"/>
  <system-out/>
  <testcase name="testFour" time="0.001" classname="com.testng.training.SkippingExample"/>
  <system-out/>
  <testcase name="testThree" time="0.001" classname="com.testng.training.SkippingExample">
    <skipped/>
  </testcase> <!-- testThree -->
  <system-out/>
  <testcase name="testTwo" classname="com.testng.training.SkippingExample">
    <skipped/>
  </testcase> <!-- testTwo -->
  <system-out/>
</testsuite> <!-- com.testng.training.SkippingExample -->
