<?xml version="1.0" encoding="UTF-8"?>
<!-- Generated by org.testng.reporters.JUnitReportReporter -->
<testsuite skipped="0" hostname="Anshuls-MacBook.local" name="com.testng.training.SamplClassTwo" tests="2" failures="0" timestamp="2022-06-14T19:51:09 IST" time="0.004" errors="0">
  <testcase name="sampleTestTwoMethodTwo" time="0.002" classname="com.testng.training.SamplClassTwo"/>
  <system-out/>
  <testcase name="sampleTestTwoMethodOne" time="0.002" classname="com.testng.training.SamplClassTwo"/>
  <system-out/>
</testsuite> <!-- com.testng.training.SamplClassTwo -->
