<?xml version="1.0" encoding="UTF-8"?>
<!-- Generated by org.testng.reporters.JUnitReportReporter -->
<testsuite skipped="0" hostname="Anshuls-MacBook.local" name="executionorder.AnnotationsTest" tests="1" failures="0" timestamp="2022-06-14T19:50:20 IST" time="0.007" errors="0">
  <testcase name="first" time="0.007" classname="executionorder.AnnotationsTest"/>
  <system-out/>
</testsuite> <!-- executionorder.AnnotationsTest -->
