<?xml version="1.0" encoding="UTF-8"?>
<!-- Generated by org.testng.reporters.JUnitReportReporter -->
<testsuite skipped="0" hostname="Anshuls-MacBook.local" name="FaceBookProfileTest" tests="2" failures="0" timestamp="2022-06-14T19:50:59 IST" time="0.004" errors="0">
  <testcase name="checkProfileLink" time="0.002" classname="FaceBookProfileTest"/>
  <system-out/>
  <testcase name="checkProfileLogo" time="0.002" classname="FaceBookProfileTest"/>
  <system-out/>
</testsuite> <!-- FaceBookProfileTest -->
