<?xml version="1.0" encoding="UTF-8"?>
<!-- Generated by org.testng.reporters.JUnitReportReporter -->
<testsuite hostname="DESKTOP-HA2NVCA" failures="0" tests="3" name="TestCases.MyPortfolioTest" time="62.174" errors="0" timestamp="2022-10-08T21:03:13 EDT" skipped="0">
  <testcase classname="TestCases.MyPortfolioTest" name="deletePortfolio" time="28.088"/>
  <system-out/>
  <testcase classname="TestCases.MyPortfolioTest" name="deletePortfolio" time="17.175"/>
  <system-out/>
  <testcase classname="TestCases.MyPortfolioTest" name="deletePortfolio" time="16.911"/>
  <system-out/>
</testsuite> <!-- TestCases.MyPortfolioTest -->
