<?xml version="1.0" encoding="UTF-8"?>
<!-- Generated by org.testng.reporters.JUnitReportReporter -->
<testsuite hostname="DESKTOP-HA2NVCA" failures="0" tests="3" name="com.datadrivenframework.test.Logintest.loginTest" time="13.399" errors="0" timestamp="2022-10-03T16:32:44 EDT" skipped="0">
  <testcase classname="com.datadrivenframework.test.Logintest.loginTest" name="TestOne" time="6.213"/>
  <system-out/>
  <testcase classname="com.datadrivenframework.test.Logintest.loginTest" name="TestOne" time="3.591"/>
  <system-out/>
  <testcase classname="com.datadrivenframework.test.Logintest.loginTest" name="TestOne" time="3.595"/>
  <system-out/>
</testsuite> <!-- com.datadrivenframework.test.Logintest.loginTest -->
