<?xml version="1.0" encoding="UTF-8"?>
<!-- Generated by org.testng.reporters.JUnitReportReporter -->
<testsuite hostname="DESKTOP-HA2NVCA" failures="0" tests="6" name="com.datadrivenframework.utils.TestDataProvider" time="0.010" errors="0" timestamp="2022-10-03T15:23:59 EDT" skipped="0">
  <testcase classname="com.datadrivenframework.utils.TestDataProvider" name="sampleTestOne" time="0.006"/>
  <system-out/>
  <testcase classname="com.datadrivenframework.utils.TestDataProvider" name="sampleTestOne" time="0.001"/>
  <system-out/>
  <testcase classname="com.datadrivenframework.utils.TestDataProvider" name="sampleTestOne" time="0.001"/>
  <system-out/>
  <testcase classname="com.datadrivenframework.utils.TestDataProvider" name="sampleTestOne" time="0.001"/>
  <system-out/>
  <testcase classname="com.datadrivenframework.utils.TestDataProvider" name="sampleTestOne" time="0.000"/>
  <system-out/>
  <testcase classname="com.datadrivenframework.utils.TestDataProvider" name="sampleTestOne" time="0.001"/>
  <system-out/>
</testsuite> <!-- com.datadrivenframework.utils.TestDataProvider -->
